<?xml version="1.0" encoding="UTF-8"?>
<!-- Generated by org.testng.reporters.JUnitReportReporter -->
<testsuite hostname="EGCA2-9RRXSQ3" failures="0" tests="1" name="com.automationexercise.tests.TestCase1" time="37.320" errors="0" timestamp="2025-01-23T04:24:51 EET" skipped="0">
  <testcase classname="com.automationexercise.tests.TestCase1" name="registerUser" time="37.320"/>
  <system-out/>
</testsuite> <!-- com.automationexercise.tests.TestCase1 -->
