<?xml version="1.0" encoding="UTF-8"?>
<!-- Generated by org.testng.reporters.JUnitReportReporter -->
<testsuite hostname="EGCA2-9RRXSQ3" failures="0" tests="1" name="com.automationexercise.tests.TestCase12" time="21.324" errors="0" timestamp="2025-01-22T18:39:26 EET" skipped="0">
  <testcase classname="com.automationexercise.tests.TestCase12" name="addProductsInCart" time="21.324"/>
  <system-out/>
</testsuite> <!-- com.automationexercise.tests.TestCase12 -->
